<?xml version="1.0" encoding="UTF-8"?>
<TestRun id="4d27d744-8e29-4ce5-b696-a4e498032ad8" name="SOG@DESKTOP-0GQ3QFS 2016-12-23 09:12:24" runUser="DESKTOP-0GQ3QFS\SOG" xmlns="http://microsoft.com/schemas/VisualStudio/TeamTest/2010">
  <TestSettings name="本地" id="6265ca64-5bdc-4c07-a379-7b1dd4932ce9">
    <Description>这些设置为本地测试运行的默认测试设置。</Description>
    <Deployment runDeploymentRoot="SOG_DESKTOP-0GQ3QFS 2016-12-23 09_12_24">
      <DeploymentItem filename="J:\Baker_Point\Baker_Point\bin\Baker_Point.dll" />
    </Deployment>
    <Execution>
      <TestTypeSpecific />
      <AgentRule name="Execution Agents">
      </AgentRule>
    </Execution>
  </TestSettings>
  <Times creation="2016-12-23T09:12:24.6703762+08:00" queuing="2016-12-23T09:12:24.9829458+08:00" start="2016-12-23T09:12:25.0454502+08:00" finish="2016-12-23T09:12:34.4606023+08:00" />
  <ResultSummary outcome="Aborted">
    <Counters total="1" executed="1" error="0" failed="0" timeout="0" aborted="1" inconclusive="0" passedButRunAborted="0" notRunnable="0" notExecuted="0" disconnected="0" warning="0" passed="0" completed="0" inProgress="0" pending="0" />
  </ResultSummary>
  <TestDefinitions>
    <WebTest name="WebTest1" storage="j:\baker_point\webandloadtestproject1\webtest1.webtest" id="f8b23d9f-0117-4693-bf27-ef558ada0f46" persistedWebTest="77u/PD94bWwgdmVyc2lvbj0iMS4wIiBlbmNvZGluZz0iVVRGLTgiIHN0YW5kYWxvbmU9InllcyI/Pg0KPFdlYlRlc3QgTmFtZT0iV2ViVGVzdDEiIElkPSJmOGIyM2Q5Zi0wMTE3LTQ2OTMtYmYyNy1lZjU1OGFkYTBmNDYiIE93bmVyPSIiIFByaW9yaXR5PSIyMTQ3NDgzNjQ3IiBFbmFibGVkPSJUcnVlIiBDc3NQcm9qZWN0U3RydWN0dXJlPSIiIENzc0l0ZXJhdGlvbj0iIiBUaW1lb3V0PSIwIiBXb3JrSXRlbUlkcz0iIiB4bWxucz0iaHR0cDovL21pY3Jvc29mdC5jb20vc2NoZW1hcy9WaXN1YWxTdHVkaW8vVGVhbVRlc3QvMjAxMCIgRGVzY3JpcHRpb249IiIgQ3JlZGVudGlhbFVzZXJOYW1lPSIiIENyZWRlbnRpYWxQYXNzd29yZD0iIiBQcmVBdXRoZW50aWNhdGU9IlRydWUiIFByb3h5PSIiIFN0b3BPbkVycm9yPSJGYWxzZSIgUmVjb3JkZWRSZXN1bHRGaWxlPSJXZWJUZXN0MS4xZmY5YmY2ZS04ZjgwLTQ5N2MtYWJmYi1iYmI5ZDFhZmQxNWEucmVjLndlYnRlc3RyZXN1bHQiPg0KICA8SXRlbXM+DQogICAgPFJlcXVlc3QgTWV0aG9kPSJHRVQiIEd1aWQ9ImY5Yjg2NWRlLTY5ZjItNDE3Zi1hMWQ2LTc4ZjBiNjU0MjEwYSIgVmVyc2lvbj0iMS4xIiBVcmw9Imh0dHA6Ly9sb2NhbGhvc3Q6MTgwNjIvQmFrZXJfUG9pbnQiIFRoaW5rVGltZT0iMCIgVGltZW91dD0iMzAwIiBQYXJzZURlcGVuZGVudFJlcXVlc3RzPSJUcnVlIiBGb2xsb3dSZWRpcmVjdHM9IlRydWUiIFJlY29yZFJlc3VsdD0iVHJ1ZSIgQ2FjaGU9IkZhbHNlIiBSZXNwb25zZVRpbWVHb2FsPSIwIiBFbmNvZGluZz0idXRmLTgiIEV4cGVjdGVkSHR0cFN0YXR1c0NvZGU9IjAiIEV4cGVjdGVkUmVzcG9uc2VVcmw9IiIgUmVwb3J0aW5nTmFtZT0iIiAvPg0KICA8L0l0ZW1zPg0KPC9XZWJUZXN0Pg==">
      <Execution id="ddbf3ccb-ea38-4e5a-b29f-e762ce0d5052" />
    </WebTest>
  </TestDefinitions>
  <TestLists>
    <TestList name="列表中未列出的结果" id="8c84fa94-04c1-424b-9868-57a2d4851a1d" />
    <TestList name="所有已加载的结果" id="19431567-8539-422a-85d7-44ee4e166bda" />
  </TestLists>
  <TestEntries>
    <TestEntry isTransparent="false" testId="f8b23d9f-0117-4693-bf27-ef558ada0f46" executionId="ddbf3ccb-ea38-4e5a-b29f-e762ce0d5052" testListId="8c84fa94-04c1-424b-9868-57a2d4851a1d" />
  </TestEntries>
  <Results>
    <WebTestResult executionId="ddbf3ccb-ea38-4e5a-b29f-e762ce0d5052" testId="f8b23d9f-0117-4693-bf27-ef558ada0f46" testName="WebTest1" computerName="DESKTOP-0GQ3QFS" duration="00:00:00.1146588" startTime="2016-12-23T09:12:25.0766706+08:00" endTime="2016-12-23T09:12:34.4449749+08:00" testType="4e7599fa-5ecb-43e9-a887-cd63cf72d207" outcome="Aborted" testListId="8c84fa94-04c1-424b-9868-57a2d4851a1d" relativeResultsDirectory="ddbf3ccb-ea38-4e5a-b29f-e762ce0d5052">
      <Output>
        <ErrorInfo>
          <Message>1 个主请求、0 个从属请求和 0 个条件规则失败</Message>
        </ErrorInfo>
      </Output>
      <TestSettings name="本地" id="6265ca64-5bdc-4c07-a379-7b1dd4932ce9">
        <Description>这些设置为本地测试运行的默认测试设置。</Description>
        <Deployment runDeploymentRoot="SOG_DESKTOP-0GQ3QFS 2016-12-23 09_12_24">
          <DeploymentItem filename="J:\Baker_Point\Baker_Point\bin\Baker_Point.dll" />
        </Deployment>
        <Execution>
          <TestTypeSpecific>
            <WebTestRunConfiguration testTypeId="4e7599fa-5ecb-43e9-a887-cd63cf72d207">
              <Browser name="Internet Explorer 9.0" MaxConnections="6">
                <Headers>
                  <Header name="User-Agent" value="Mozilla/5.0 (compatible; MSIE 9.0; Windows NT 6.1; Trident/5.0)" />
                  <Header name="Accept" value="*/*" />
                  <Header name="Accept-Language" value="{{$IEAcceptLanguage}}" />
                  <Header name="Accept-Encoding" value="GZIP" />
                </Headers>
              </Browser>
            </WebTestRunConfiguration>
          </TestTypeSpecific>
          <AgentRule name="Execution Agents">
          </AgentRule>
        </Execution>
      </TestSettings>
      <WebTestResultFilePath>
      </WebTestResultFilePath>
    </WebTestResult>
  </Results>
</TestRun>