<?xml version="1.0" encoding="UTF-8"?>
<TestRun id="e527c865-b184-495f-be57-0f1111e65019" name="SOG@DESKTOP-0GQ3QFS 2016-12-23 09:17:02" runUser="DESKTOP-0GQ3QFS\SOG" xmlns="http://microsoft.com/schemas/VisualStudio/TeamTest/2010">
  <TestSettings name="本地" id="6265ca64-5bdc-4c07-a379-7b1dd4932ce9">
    <Description>这些设置为本地测试运行的默认测试设置。</Description>
    <Deployment runDeploymentRoot="SOG_DESKTOP-0GQ3QFS 2016-12-23 09_17_02">
      <DeploymentItem filename="J:\Baker_Point\Baker_Point\bin\Baker_Point.dll" />
    </Deployment>
    <Execution>
      <TestTypeSpecific />
      <AgentRule name="Execution Agents">
      </AgentRule>
    </Execution>
  </TestSettings>
  <Times creation="2016-12-23T09:17:02.3293791+08:00" queuing="2016-12-23T09:17:02.6419112+08:00" start="2016-12-23T09:17:02.6887919+08:00" finish="2016-12-23T09:17:13.7061179+08:00" />
  <ResultSummary outcome="Failed">
    <Counters total="1" executed="1" error="0" failed="1" timeout="0" aborted="0" inconclusive="0" passedButRunAborted="0" notRunnable="0" notExecuted="0" disconnected="0" warning="0" passed="0" completed="0" inProgress="0" pending="0" />
  </ResultSummary>
  <TestDefinitions>
    <WebTest name="WebTest1" storage="j:\baker_point\webandloadtestproject1\webtest1.webtest" id="f8b23d9f-0117-4693-bf27-ef558ada0f46" persistedWebTest="77u/PD94bWwgdmVyc2lvbj0iMS4wIiBlbmNvZGluZz0iVVRGLTgiIHN0YW5kYWxvbmU9InllcyI/Pg0KPFdlYlRlc3QgTmFtZT0iV2ViVGVzdDEiIElkPSJmOGIyM2Q5Zi0wMTE3LTQ2OTMtYmYyNy1lZjU1OGFkYTBmNDYiIE93bmVyPSIiIFByaW9yaXR5PSIyMTQ3NDgzNjQ3IiBFbmFibGVkPSJUcnVlIiBDc3NQcm9qZWN0U3RydWN0dXJlPSIiIENzc0l0ZXJhdGlvbj0iIiBUaW1lb3V0PSIwIiBXb3JrSXRlbUlkcz0iIiB4bWxucz0iaHR0cDovL21pY3Jvc29mdC5jb20vc2NoZW1hcy9WaXN1YWxTdHVkaW8vVGVhbVRlc3QvMjAxMCIgRGVzY3JpcHRpb249IiIgQ3JlZGVudGlhbFVzZXJOYW1lPSIiIENyZWRlbnRpYWxQYXNzd29yZD0iIiBQcmVBdXRoZW50aWNhdGU9IlRydWUiIFByb3h5PSIiIFN0b3BPbkVycm9yPSJGYWxzZSIgUmVjb3JkZWRSZXN1bHRGaWxlPSJXZWJUZXN0MS4xZmY5YmY2ZS04ZjgwLTQ5N2MtYWJmYi1iYmI5ZDFhZmQxNWEucmVjLndlYnRlc3RyZXN1bHQiPg0KICA8SXRlbXM+DQogICAgPFJlcXVlc3QgTWV0aG9kPSJHRVQiIEd1aWQ9ImY5Yjg2NWRlLTY5ZjItNDE3Zi1hMWQ2LTc4ZjBiNjU0MjEwYSIgVmVyc2lvbj0iMS4xIiBVcmw9Imh0dHA6Ly9sb2NhbGhvc3Q6MTgwNjIvIiBUaGlua1RpbWU9IjAiIFRpbWVvdXQ9IjMwMCIgUGFyc2VEZXBlbmRlbnRSZXF1ZXN0cz0iVHJ1ZSIgRm9sbG93UmVkaXJlY3RzPSJUcnVlIiBSZWNvcmRSZXN1bHQ9IlRydWUiIENhY2hlPSJGYWxzZSIgUmVzcG9uc2VUaW1lR29hbD0iMCIgRW5jb2Rpbmc9InV0Zi04IiBFeHBlY3RlZEh0dHBTdGF0dXNDb2RlPSIwIiBFeHBlY3RlZFJlc3BvbnNlVXJsPSIiIFJlcG9ydGluZ05hbWU9IiIgLz4NCiAgICA8UmVxdWVzdCBNZXRob2Q9IkdFVCIgR3VpZD0iZjliODY1ZGUtNjlmMi00MTdmLWExZDYtNzhmMGI2NTQyMTBhIiBWZXJzaW9uPSIxLjEiIFVybD0iaHR0cDovL2xvY2FsaG9zdDoxODA2Mi9Ib21lL0NvbnRhY3QiIFRoaW5rVGltZT0iMCIgVGltZW91dD0iMzAwIiBQYXJzZURlcGVuZGVudFJlcXVlc3RzPSJUcnVlIiBGb2xsb3dSZWRpcmVjdHM9IlRydWUiIFJlY29yZFJlc3VsdD0iVHJ1ZSIgQ2FjaGU9IkZhbHNlIiBSZXNwb25zZVRpbWVHb2FsPSIwIiBFbmNvZGluZz0idXRmLTgiIEV4cGVjdGVkSHR0cFN0YXR1c0NvZGU9IjAiIEV4cGVjdGVkUmVzcG9uc2VVcmw9IiIgUmVwb3J0aW5nTmFtZT0iIiAvPg0KICAgIDxSZXF1ZXN0IE1ldGhvZD0iR0VUIiBHdWlkPSJmOWI4NjVkZS02OWYyLTQxN2YtYTFkNi03OGYwYjY1NDIxMGEiIFZlcnNpb249IjEuMSIgVXJsPSJodHRwOi8vbG9jYWxob3N0OjE4MDYyL0hvbWUvQWJvdXQiIFRoaW5rVGltZT0iMCIgVGltZW91dD0iMzAwIiBQYXJzZURlcGVuZGVudFJlcXVlc3RzPSJUcnVlIiBGb2xsb3dSZWRpcmVjdHM9IlRydWUiIFJlY29yZFJlc3VsdD0iVHJ1ZSIgQ2FjaGU9IkZhbHNlIiBSZXNwb25zZVRpbWVHb2FsPSIwIiBFbmNvZGluZz0idXRmLTgiIEV4cGVjdGVkSHR0cFN0YXR1c0NvZGU9IjAiIEV4cGVjdGVkUmVzcG9uc2VVcmw9IiIgUmVwb3J0aW5nTmFtZT0iIiAvPg0KICAgIDxSZXF1ZXN0IE1ldGhvZD0iUE9TVCIgR3VpZD0iZjliODY1ZGUtNjlmMi00MTdmLWExZDYtNzhmMGI2NTQyMTBhIiBWZXJzaW9uPSIxLjEiIFVybD0iaHR0cDovL2xvY2FsaG9zdDoxODA2Mi9BY2NvdW50L0xvZ2luIiBUaGlua1RpbWU9IjAiIFRpbWVvdXQ9IjMwMCIgUGFyc2VEZXBlbmRlbnRSZXF1ZXN0cz0iVHJ1ZSIgRm9sbG93UmVkaXJlY3RzPSJUcnVlIiBSZWNvcmRSZXN1bHQ9IlRydWUiIENhY2hlPSJGYWxzZSIgUmVzcG9uc2VUaW1lR29hbD0iMCIgRW5jb2Rpbmc9InV0Zi04IiBFeHBlY3RlZEh0dHBTdGF0dXNDb2RlPSIwIiBFeHBlY3RlZFJlc3BvbnNlVXJsPSIiIFJlcG9ydGluZ05hbWU9IiI+DQogICAgICA8Rm9ybVBvc3RIdHRwQm9keT4NCiAgICAgICAgPEZpbGVVcGxvYWRQYXJhbWV0ZXIgTmFtZT0iVXNlcm5hbWUiIEZpbGVOYW1lPSJKYXNvbiIgQ29udGVudFR5cGU9ImFwcGxpY2F0aW9uL29jdGV0LXN0cmVhbSIgR2VuZXJhdGVVbmlxdWVOYW1lPSJUcnVlIiAvPg0KICAgICAgICA8RmlsZVVwbG9hZFBhcmFtZXRlciBOYW1lPSJQYXNzd29yZCIgRmlsZU5hbWU9IjEyMzQ1NiIgQ29udGVudFR5cGU9ImFwcGxpY2F0aW9uL29jdGV0LXN0cmVhbSIgR2VuZXJhdGVVbmlxdWVOYW1lPSJUcnVlIiAvPg0KICAgICAgPC9Gb3JtUG9zdEh0dHBCb2R5Pg0KICAgIDwvUmVxdWVzdD4NCiAgPC9JdGVtcz4NCjwvV2ViVGVzdD4=">
      <Execution id="be98265f-5ef2-4b56-b055-662662225475" />
    </WebTest>
  </TestDefinitions>
  <TestLists>
    <TestList name="列表中未列出的结果" id="8c84fa94-04c1-424b-9868-57a2d4851a1d" />
    <TestList name="所有已加载的结果" id="19431567-8539-422a-85d7-44ee4e166bda" />
  </TestLists>
  <TestEntries>
    <TestEntry isTransparent="false" testId="f8b23d9f-0117-4693-bf27-ef558ada0f46" executionId="be98265f-5ef2-4b56-b055-662662225475" testListId="8c84fa94-04c1-424b-9868-57a2d4851a1d" />
  </TestEntries>
  <Results>
    <WebTestResult executionId="be98265f-5ef2-4b56-b055-662662225475" testId="f8b23d9f-0117-4693-bf27-ef558ada0f46" testName="WebTest1" computerName="DESKTOP-0GQ3QFS" duration="00:00:00.3274100" startTime="2016-12-23T09:17:02.7200477+08:00" endTime="2016-12-23T09:17:13.6282138+08:00" testType="4e7599fa-5ecb-43e9-a887-cd63cf72d207" outcome="Failed" testListId="8c84fa94-04c1-424b-9868-57a2d4851a1d" relativeResultsDirectory="be98265f-5ef2-4b56-b055-662662225475">
      <Output>
        <ErrorInfo>
          <Message>1 个主请求、12 个从属请求和 0 个条件规则失败</Message>
        </ErrorInfo>
      </Output>
      <ResultFiles>
        <ResultFile path="WebTest1.webtestResult" />
      </ResultFiles>
      <TestSettings name="本地" id="6265ca64-5bdc-4c07-a379-7b1dd4932ce9">
        <Description>这些设置为本地测试运行的默认测试设置。</Description>
        <Deployment runDeploymentRoot="SOG_DESKTOP-0GQ3QFS 2016-12-23 09_17_02">
          <DeploymentItem filename="J:\Baker_Point\Baker_Point\bin\Baker_Point.dll" />
        </Deployment>
        <Execution>
          <TestTypeSpecific>
            <WebTestRunConfiguration testTypeId="4e7599fa-5ecb-43e9-a887-cd63cf72d207">
              <Browser name="Internet Explorer 9.0" MaxConnections="6">
                <Headers>
                  <Header name="User-Agent" value="Mozilla/5.0 (compatible; MSIE 9.0; Windows NT 6.1; Trident/5.0)" />
                  <Header name="Accept" value="*/*" />
                  <Header name="Accept-Language" value="{{$IEAcceptLanguage}}" />
                  <Header name="Accept-Encoding" value="GZIP" />
                </Headers>
              </Browser>
            </WebTestRunConfiguration>
          </TestTypeSpecific>
          <AgentRule name="Execution Agents">
          </AgentRule>
        </Execution>
      </TestSettings>
      <WebTestResultFilePath>SOG_DESKTOP-0GQ3QFS 2016-12-23 09_17_02\In\be98265f-5ef2-4b56-b055-662662225475\WebTest1.webtestResult</WebTestResultFilePath>
    </WebTestResult>
  </Results>
</TestRun>